<?xml version="1.0" encoding="UTF-8"?>
<testng-results skipped="0" failed="1" total="1" passed="0">
  <reporter-output>
  </reporter-output>
  <suite name="suite" duration-ms="5338" started-at="2016-05-30T12:33:44Z" finished-at="2016-05-30T12:33:49Z">
    <groups>
    </groups>
    <test name="Main_Windows_FF" duration-ms="5338" started-at="2016-05-30T12:33:44Z" finished-at="2016-05-30T12:33:49Z">
      <class name="com.webomates.app.testcases.PriorityBar">
        <test-method status="PASS" signature="read(java.lang.String)[pri:0, instance:com.webomates.app.testcases.PriorityBar@5fc7f7]" name="read" is-config="true" duration-ms="4674" started-at="2016-05-30T18:03:44Z" finished-at="2016-05-30T18:03:49Z">
          <params>
            <param index="0">
              <value>
                <![CDATA[firefox]]>
              </value>
            </param>
          </params>
          <reporter-output>
          </reporter-output>
        </test-method> <!-- read -->
        <test-method status="FAIL" signature="PriorityBar_Panel_Verify_UI()[pri:0, instance:com.webomates.app.testcases.PriorityBar@5fc7f7]" name="PriorityBar_Panel_Verify_UI" duration-ms="655" started-at="2016-05-30T18:03:49Z" finished-at="2016-05-30T18:03:49Z">
          <exception class="java.lang.AssertionError">
            <message>
              <![CDATA[expected [Data Table] but found [Description Table]]]>
            </message>
            <full-stacktrace>
              <![CDATA[java.lang.AssertionError: expected [Data Table] but found [Description Table]
	at org.testng.Assert.fail(Assert.java:94)
	at org.testng.Assert.failNotEquals(Assert.java:496)
	at org.testng.Assert.assertEquals(Assert.java:125)
	at org.testng.Assert.assertEquals(Assert.java:178)
	at org.testng.Assert.assertEquals(Assert.java:188)
	at com.webomates.app.util.Util.assertElementText(Util.java:73)
	at com.webomates.app.testcases.PriorityBar.PriorityBar_Panel_Verify_UI(PriorityBar.java:28)
	at sun.reflect.NativeMethodAccessorImpl.invoke0(Native Method)
	at sun.reflect.NativeMethodAccessorImpl.invoke(NativeMethodAccessorImpl.java:62)
	at sun.reflect.DelegatingMethodAccessorImpl.invoke(DelegatingMethodAccessorImpl.java:43)
	at java.lang.reflect.Method.invoke(Method.java:483)
	at org.testng.internal.MethodInvocationHelper.invokeMethod(MethodInvocationHelper.java:85)
	at org.testng.internal.Invoker.invokeMethod(Invoker.java:659)
	at org.testng.internal.Invoker.invokeTestMethod(Invoker.java:845)
	at org.testng.internal.Invoker.invokeTestMethods(Invoker.java:1153)
	at org.testng.internal.TestMethodWorker.invokeTestMethods(TestMethodWorker.java:125)
	at org.testng.internal.TestMethodWorker.run(TestMethodWorker.java:108)
	at org.testng.TestRunner.privateRun(TestRunner.java:771)
	at org.testng.TestRunner.run(TestRunner.java:621)
	at org.testng.SuiteRunner.runTest(SuiteRunner.java:357)
	at org.testng.SuiteRunner.access$000(SuiteRunner.java:38)
	at org.testng.SuiteRunner$SuiteWorker.run(SuiteRunner.java:391)
	at org.testng.internal.thread.ThreadUtil$2.call(ThreadUtil.java:64)
	at java.util.concurrent.FutureTask.run(FutureTask.java:266)
	at java.util.concurrent.ThreadPoolExecutor.runWorker(ThreadPoolExecutor.java:1142)
	at java.util.concurrent.ThreadPoolExecutor$Worker.run(ThreadPoolExecutor.java:617)
	at java.lang.Thread.run(Thread.java:745)
]]>
            </full-stacktrace>
          </exception> <!-- java.lang.AssertionError -->
          <reporter-output>
          </reporter-output>
        </test-method> <!-- PriorityBar_Panel_Verify_UI -->
      </class> <!-- com.webomates.app.testcases.PriorityBar -->
    </test> <!-- Main_Windows_FF -->
  </suite> <!-- suite -->
</testng-results>
